<?xml version="1.0" encoding="UTF-8" ?>
<persistence version="2.0" xmlns="http://java.sun.com/xml/ns/persistence">
 
	<persistence-unit name="SportAroundPersistence" transaction-type="JTA">
   
   		<provider>org.hibernate.ejb.HibernatePersistence</provider>

		<jta-data-source>java:/DataBaseAppTest</jta-data-source>
   		<properties>
			<property name="hibernate.dialect" value="org.hibernate.dialect.MySQLDialect" />
			<property name="hibernate.hbm2ddl.auto" value="create" />
			<property name="hibernate.show_sql" value="true" />
		</properties>
	</persistence-unit>
</persistence>
